c:\users\johneaton\documents\github\deusduellum\montecarlobreakthroughai\montecarlobreakthroughai\debug\montecarlobreakthroughai.pch
c:\users\johneaton\documents\github\deusduellum\montecarlobreakthroughai\montecarlobreakthroughai\debug\vc141.pdb
c:\users\johneaton\documents\github\deusduellum\montecarlobreakthroughai\montecarlobreakthroughai\debug\vc141.idb
c:\users\johneaton\documents\github\deusduellum\montecarlobreakthroughai\montecarlobreakthroughai\debug\stdafx.obj
c:\users\johneaton\documents\github\deusduellum\montecarlobreakthroughai\montecarlobreakthroughai\debug\analyzer.obj
c:\users\johneaton\documents\github\deusduellum\montecarlobreakthroughai\montecarlobreakthroughai\debug\bitsmagic.obj
c:\users\johneaton\documents\github\deusduellum\montecarlobreakthroughai\montecarlobreakthroughai\debug\grid.obj
c:\users\johneaton\documents\github\deusduellum\montecarlobreakthroughai\montecarlobreakthroughai\debug\masks.obj
c:\users\johneaton\documents\github\deusduellum\montecarlobreakthroughai\montecarlobreakthroughai\debug\montecarlobreakthroughai.obj
c:\users\johneaton\documents\github\deusduellum\montecarlobreakthroughai\montecarlobreakthroughai\debug\node.obj
c:\users\johneaton\documents\github\deusduellum\montecarlobreakthroughai\montecarlobreakthroughai\debug\testdriver.obj
c:\users\johneaton\documents\github\deusduellum\montecarlobreakthroughai\montecarlobreakthroughai\debug\utils.obj
c:\users\johneaton\documents\github\deusduellum\montecarlobreakthroughai\debug\montecarlobreakthroughai.ilk
c:\users\johneaton\documents\github\deusduellum\montecarlobreakthroughai\debug\montecarlobreakthroughai.exe
c:\users\johneaton\documents\github\deusduellum\montecarlobreakthroughai\debug\montecarlobreakthroughai.pdb
c:\users\johneaton\documents\github\deusduellum\montecarlobreakthroughai\montecarlobreakthroughai\debug\montecar.e67655ac.tlog\cl.command.1.tlog
c:\users\johneaton\documents\github\deusduellum\montecarlobreakthroughai\montecarlobreakthroughai\debug\montecar.e67655ac.tlog\cl.read.1.tlog
c:\users\johneaton\documents\github\deusduellum\montecarlobreakthroughai\montecarlobreakthroughai\debug\montecar.e67655ac.tlog\cl.write.1.tlog
c:\users\johneaton\documents\github\deusduellum\montecarlobreakthroughai\montecarlobreakthroughai\debug\montecar.e67655ac.tlog\link.command.1.tlog
c:\users\johneaton\documents\github\deusduellum\montecarlobreakthroughai\montecarlobreakthroughai\debug\montecar.e67655ac.tlog\link.read.1.tlog
c:\users\johneaton\documents\github\deusduellum\montecarlobreakthroughai\montecarlobreakthroughai\debug\montecar.e67655ac.tlog\link.write.1.tlog
