  stdafx.cpp
  Utils.cpp
  Masks.cpp
c:\users\johneaton\documents\github\deusduellum\ai_cpp\ai_cpp\masks.h(19): warning C4091: 'static ': ignored on left of 'Masks::WhiteMasks' when no variable is declared
c:\users\johneaton\documents\github\deusduellum\ai_cpp\ai_cpp\masks.h(29): warning C4091: 'static ': ignored on left of 'Masks::BlackMasks' when no variable is declared
c:\users\johneaton\documents\github\deusduellum\ai_cpp\ai_cpp\masks.h(42): warning C4091: 'static ': ignored on left of 'Masks::OrientationMasks' when no variable is declared
c:\users\johneaton\documents\github\deusduellum\ai_cpp\ai_cpp\masks.h(43): warning C4091: 'static ': ignored on left of 'Masks' when no variable is declared
c:\users\johneaton\documents\github\deusduellum\ai_cpp\ai_cpp\grid.h(110): warning C4091: 'static ': ignored on left of 'Grid' when no variable is declared
  Grid.cpp
c:\users\johneaton\documents\github\deusduellum\ai_cpp\ai_cpp\grid.h(110): warning C4091: 'static ': ignored on left of 'Grid' when no variable is declared
  dllmain.cpp
  BitsMagic.cpp
c:\users\johneaton\documents\github\deusduellum\ai_cpp\ai_cpp\bitsmagic.h(13): warning C4091: 'static ': ignored on left of 'BitsMagic' when no variable is declared
  Analyzer.cpp
c:\users\johneaton\documents\github\deusduellum\ai_cpp\ai_cpp\grid.h(110): warning C4091: 'static ': ignored on left of 'Grid' when no variable is declared
c:\users\johneaton\documents\github\deusduellum\ai_cpp\ai_cpp\analyzer.h(55): warning C4091: 'static ': ignored on left of 'Analyzer' when no variable is declared
c:\users\johneaton\documents\github\deusduellum\ai_cpp\ai_cpp\bitsmagic.h(13): warning C4091: 'static ': ignored on left of 'BitsMagic' when no variable is declared
c:\users\johneaton\documents\github\deusduellum\ai_cpp\ai_cpp\masks.h(19): warning C4091: 'static ': ignored on left of 'Masks::WhiteMasks' when no variable is declared
c:\users\johneaton\documents\github\deusduellum\ai_cpp\ai_cpp\masks.h(29): warning C4091: 'static ': ignored on left of 'Masks::BlackMasks' when no variable is declared
c:\users\johneaton\documents\github\deusduellum\ai_cpp\ai_cpp\masks.h(42): warning C4091: 'static ': ignored on left of 'Masks::OrientationMasks' when no variable is declared
c:\users\johneaton\documents\github\deusduellum\ai_cpp\ai_cpp\masks.h(43): warning C4091: 'static ': ignored on left of 'Masks' when no variable is declared
  AI_CPP.cpp
c:\users\johneaton\documents\github\deusduellum\ai_cpp\ai_cpp\masks.h(19): warning C4091: 'static ': ignored on left of 'Masks::WhiteMasks' when no variable is declared
c:\users\johneaton\documents\github\deusduellum\ai_cpp\ai_cpp\masks.h(29): warning C4091: 'static ': ignored on left of 'Masks::BlackMasks' when no variable is declared
c:\users\johneaton\documents\github\deusduellum\ai_cpp\ai_cpp\masks.h(42): warning C4091: 'static ': ignored on left of 'Masks::OrientationMasks' when no variable is declared
c:\users\johneaton\documents\github\deusduellum\ai_cpp\ai_cpp\masks.h(43): warning C4091: 'static ': ignored on left of 'Masks' when no variable is declared
c:\users\johneaton\documents\github\deusduellum\ai_cpp\ai_cpp\grid.h(110): warning C4091: 'static ': ignored on left of 'Grid' when no variable is declared
c:\users\johneaton\documents\github\deusduellum\ai_cpp\ai_cpp\analyzer.h(55): warning C4091: 'static ': ignored on left of 'Analyzer' when no variable is declared
c:\users\johneaton\documents\github\deusduellum\ai_cpp\ai_cpp\bitsmagic.h(13): warning C4091: 'static ': ignored on left of 'BitsMagic' when no variable is declared
c:\users\johneaton\documents\github\deusduellum\ai_cpp\ai_cpp\ai_cpp.cpp(40): warning C4554: '&': check operator precedence for possible error; use parentheses to clarify precedence
c:\users\johneaton\documents\github\deusduellum\ai_cpp\ai_cpp\ai_cpp.cpp(44): warning C4554: '&': check operator precedence for possible error; use parentheses to clarify precedence
c:\users\johneaton\documents\github\deusduellum\ai_cpp\ai_cpp\ai_cpp.cpp(48): warning C4554: '&': check operator precedence for possible error; use parentheses to clarify precedence
c:\users\johneaton\documents\github\deusduellum\ai_cpp\ai_cpp\ai_cpp.cpp(60): warning C4554: '&': check operator precedence for possible error; use parentheses to clarify precedence
c:\users\johneaton\documents\github\deusduellum\ai_cpp\ai_cpp\ai_cpp.cpp(64): warning C4554: '&': check operator precedence for possible error; use parentheses to clarify precedence
c:\users\johneaton\documents\github\deusduellum\ai_cpp\ai_cpp\ai_cpp.cpp(68): warning C4554: '&': check operator precedence for possible error; use parentheses to clarify precedence
  Generating Code...
c:\users\johneaton\documents\github\deusduellum\ai_cpp\ai_cpp\analyzer.cpp(151): warning C4715: 'Analyzer::AlphaBetaLoop': not all control paths return a value
     Creating library C:\Users\JohnEaton\Documents\GitHub\DeusDuellum\AI_CPP\x64\Debug\AI_CPP.lib and object C:\Users\JohnEaton\Documents\GitHub\DeusDuellum\AI_CPP\x64\Debug\AI_CPP.exp
  AI_CPP.vcxproj -> C:\Users\JohnEaton\Documents\GitHub\DeusDuellum\AI_CPP\x64\Debug\AI_CPP.dll
