c:\users\johneaton\documents\github\deusduellum\deusai\deusai\release\deusai.pch
c:\users\johneaton\documents\github\deusduellum\deusai\deusai\release\vc141.pdb
c:\users\johneaton\documents\github\deusduellum\deusai\deusai\release\stdafx.obj
c:\users\johneaton\documents\github\deusduellum\deusai\deusai\release\utils.obj
c:\users\johneaton\documents\github\deusduellum\deusai\deusai\release\testdriver.obj
c:\users\johneaton\documents\github\deusduellum\deusai\deusai\release\node.obj
c:\users\johneaton\documents\github\deusduellum\deusai\deusai\release\masks.obj
c:\users\johneaton\documents\github\deusduellum\deusai\deusai\release\grid.obj
c:\users\johneaton\documents\github\deusduellum\deusai\deusai\release\dllmain.obj
c:\users\johneaton\documents\github\deusduellum\deusai\deusai\release\deusai.obj
c:\users\johneaton\documents\github\deusduellum\deusai\deusai\release\bitsmagic.obj
c:\users\johneaton\documents\github\deusduellum\deusai\deusai\release\analyzer.obj
c:\users\johneaton\documents\github\deusduellum\deusai\release\deusai.lib
c:\users\johneaton\documents\github\deusduellum\deusai\release\deusai.exp
c:\users\johneaton\documents\github\deusduellum\deusai\release\deusai.ipdb
c:\users\johneaton\documents\github\deusduellum\deusai\release\deusai.iobj
c:\users\johneaton\documents\github\deusduellum\deusai\release\deusai.dll
c:\users\johneaton\documents\github\deusduellum\deusai\release\deusai.pdb
c:\users\johneaton\documents\github\deusduellum\deusai\deusai\release\deusai.tlog\cl.command.1.tlog
c:\users\johneaton\documents\github\deusduellum\deusai\deusai\release\deusai.tlog\cl.read.1.tlog
c:\users\johneaton\documents\github\deusduellum\deusai\deusai\release\deusai.tlog\cl.write.1.tlog
c:\users\johneaton\documents\github\deusduellum\deusai\deusai\release\deusai.tlog\deusai.write.1u.tlog
c:\users\johneaton\documents\github\deusduellum\deusai\deusai\release\deusai.tlog\link.command.1.tlog
c:\users\johneaton\documents\github\deusduellum\deusai\deusai\release\deusai.tlog\link.read.1.tlog
c:\users\johneaton\documents\github\deusduellum\deusai\deusai\release\deusai.tlog\link.write.1.tlog
