  stdafx.cpp
  Analyzer.cpp
c:\users\johneaton\documents\github\deusduellum\deusai\deusai\Analyzer.h(28): warning C4091: 'static ': ignored on left of 'Analyzer' when no variable is declared
c:\users\johneaton\documents\github\deusduellum\deusai\deusai\Masks.h(22): warning C4091: 'static ': ignored on left of 'Masks::WhiteMasks' when no variable is declared
c:\users\johneaton\documents\github\deusduellum\deusai\deusai\Masks.h(35): warning C4091: 'static ': ignored on left of 'Masks::BlackMasks' when no variable is declared
c:\users\johneaton\documents\github\deusduellum\deusai\deusai\Masks.h(48): warning C4091: 'static ': ignored on left of 'Masks::OrientationMasks' when no variable is declared
c:\users\johneaton\documents\github\deusduellum\deusai\deusai\Masks.h(49): warning C4091: 'static ': ignored on left of 'Masks' when no variable is declared
c:\users\johneaton\documents\github\deusduellum\deusai\deusai\BitsMagic.h(13): warning C4091: 'static ': ignored on left of 'BitsMagic' when no variable is declared
c:\users\johneaton\documents\github\deusduellum\deusai\deusai\Grid.h(110): warning C4091: 'static ': ignored on left of 'Grid' when no variable is declared
Analyzer.cpp(104): warning C4101: 'bestMove': unreferenced local variable
Analyzer.cpp(138): warning C4101: 'bestMove': unreferenced local variable
  BitsMagic.cpp
c:\users\johneaton\documents\github\deusduellum\deusai\deusai\BitsMagic.h(13): warning C4091: 'static ': ignored on left of 'BitsMagic' when no variable is declared
  DeusAI.cpp
c:\users\johneaton\documents\github\deusduellum\deusai\deusai\Analyzer.h(28): warning C4091: 'static ': ignored on left of 'Analyzer' when no variable is declared
c:\users\johneaton\documents\github\deusduellum\deusai\deusai\Masks.h(22): warning C4091: 'static ': ignored on left of 'Masks::WhiteMasks' when no variable is declared
c:\users\johneaton\documents\github\deusduellum\deusai\deusai\Masks.h(35): warning C4091: 'static ': ignored on left of 'Masks::BlackMasks' when no variable is declared
c:\users\johneaton\documents\github\deusduellum\deusai\deusai\Masks.h(48): warning C4091: 'static ': ignored on left of 'Masks::OrientationMasks' when no variable is declared
c:\users\johneaton\documents\github\deusduellum\deusai\deusai\Masks.h(49): warning C4091: 'static ': ignored on left of 'Masks' when no variable is declared
  dllmain.cpp
  Grid.cpp
c:\users\johneaton\documents\github\deusduellum\deusai\deusai\Grid.h(110): warning C4091: 'static ': ignored on left of 'Grid' when no variable is declared
  Masks.cpp
c:\users\johneaton\documents\github\deusduellum\deusai\deusai\Masks.h(22): warning C4091: 'static ': ignored on left of 'Masks::WhiteMasks' when no variable is declared
c:\users\johneaton\documents\github\deusduellum\deusai\deusai\Masks.h(35): warning C4091: 'static ': ignored on left of 'Masks::BlackMasks' when no variable is declared
c:\users\johneaton\documents\github\deusduellum\deusai\deusai\Masks.h(48): warning C4091: 'static ': ignored on left of 'Masks::OrientationMasks' when no variable is declared
c:\users\johneaton\documents\github\deusduellum\deusai\deusai\Masks.h(49): warning C4091: 'static ': ignored on left of 'Masks' when no variable is declared
c:\users\johneaton\documents\github\deusduellum\deusai\deusai\Grid.h(110): warning C4091: 'static ': ignored on left of 'Grid' when no variable is declared
  Node.cpp
c:\users\johneaton\documents\github\deusduellum\deusai\deusai\Analyzer.h(28): warning C4091: 'static ': ignored on left of 'Analyzer' when no variable is declared
c:\users\johneaton\documents\github\deusduellum\deusai\deusai\BitsMagic.h(13): warning C4091: 'static ': ignored on left of 'BitsMagic' when no variable is declared
c:\users\johneaton\documents\github\deusduellum\deusai\deusai\Masks.h(22): warning C4091: 'static ': ignored on left of 'Masks::WhiteMasks' when no variable is declared
c:\users\johneaton\documents\github\deusduellum\deusai\deusai\Masks.h(35): warning C4091: 'static ': ignored on left of 'Masks::BlackMasks' when no variable is declared
c:\users\johneaton\documents\github\deusduellum\deusai\deusai\Masks.h(48): warning C4091: 'static ': ignored on left of 'Masks::OrientationMasks' when no variable is declared
c:\users\johneaton\documents\github\deusduellum\deusai\deusai\Masks.h(49): warning C4091: 'static ': ignored on left of 'Masks' when no variable is declared
Node.cpp(1107): warning C4244: 'return': conversion from 'double' to 'int', possible loss of data
  TestDriver.cpp
c:\users\johneaton\documents\github\deusduellum\deusai\deusai\Grid.h(110): warning C4091: 'static ': ignored on left of 'Grid' when no variable is declared
c:\users\johneaton\documents\github\deusduellum\deusai\deusai\Analyzer.h(28): warning C4091: 'static ': ignored on left of 'Analyzer' when no variable is declared
c:\users\johneaton\documents\github\deusduellum\deusai\deusai\Masks.h(22): warning C4091: 'static ': ignored on left of 'Masks::WhiteMasks' when no variable is declared
c:\users\johneaton\documents\github\deusduellum\deusai\deusai\Masks.h(35): warning C4091: 'static ': ignored on left of 'Masks::BlackMasks' when no variable is declared
c:\users\johneaton\documents\github\deusduellum\deusai\deusai\Masks.h(48): warning C4091: 'static ': ignored on left of 'Masks::OrientationMasks' when no variable is declared
c:\users\johneaton\documents\github\deusduellum\deusai\deusai\Masks.h(49): warning C4091: 'static ': ignored on left of 'Masks' when no variable is declared
  Utils.cpp
     Creating library C:\Users\JohnEaton\Documents\GitHub\DeusDuellum\DeusAI\Release\DeusAI.lib and object C:\Users\JohnEaton\Documents\GitHub\DeusDuellum\DeusAI\Release\DeusAI.exp
  Generating code
  All 298 functions were compiled because no usable IPDB/IOBJ from previous compilation was found.
  Finished generating code
  DeusAI.vcxproj -> C:\Users\JohnEaton\Documents\GitHub\DeusDuellum\DeusAI\Release\DeusAI.dll
