c:\users\johneaton\documents\github\deusduellum\montecarlobreakthroughai\montecarlobreakthroughai\release\montecarlobreakthroughai.pch
c:\users\johneaton\documents\github\deusduellum\montecarlobreakthroughai\montecarlobreakthroughai\release\vc141.pdb
c:\users\johneaton\documents\github\deusduellum\montecarlobreakthroughai\montecarlobreakthroughai\release\stdafx.obj
c:\users\johneaton\documents\github\deusduellum\montecarlobreakthroughai\montecarlobreakthroughai\release\utils.obj
c:\users\johneaton\documents\github\deusduellum\montecarlobreakthroughai\montecarlobreakthroughai\release\testdriver.obj
c:\users\johneaton\documents\github\deusduellum\montecarlobreakthroughai\montecarlobreakthroughai\release\node.obj
c:\users\johneaton\documents\github\deusduellum\montecarlobreakthroughai\montecarlobreakthroughai\release\montecarlobreakthroughai.obj
c:\users\johneaton\documents\github\deusduellum\montecarlobreakthroughai\montecarlobreakthroughai\release\masks.obj
c:\users\johneaton\documents\github\deusduellum\montecarlobreakthroughai\montecarlobreakthroughai\release\grid.obj
c:\users\johneaton\documents\github\deusduellum\montecarlobreakthroughai\montecarlobreakthroughai\release\bitsmagic.obj
c:\users\johneaton\documents\github\deusduellum\montecarlobreakthroughai\montecarlobreakthroughai\release\analyzer.obj
c:\users\johneaton\documents\github\deusduellum\montecarlobreakthroughai\release\montecarlobreakthroughai.exe
c:\users\johneaton\documents\github\deusduellum\montecarlobreakthroughai\release\montecarlobreakthroughai.pdb
c:\users\johneaton\documents\github\deusduellum\montecarlobreakthroughai\release\montecarlobreakthroughai.ipdb
c:\users\johneaton\documents\github\deusduellum\montecarlobreakthroughai\release\montecarlobreakthroughai.iobj
c:\users\johneaton\documents\github\deusduellum\montecarlobreakthroughai\montecarlobreakthroughai\release\montecar.e67655ac.tlog\cl.command.1.tlog
c:\users\johneaton\documents\github\deusduellum\montecarlobreakthroughai\montecarlobreakthroughai\release\montecar.e67655ac.tlog\cl.read.1.tlog
c:\users\johneaton\documents\github\deusduellum\montecarlobreakthroughai\montecarlobreakthroughai\release\montecar.e67655ac.tlog\cl.write.1.tlog
c:\users\johneaton\documents\github\deusduellum\montecarlobreakthroughai\montecarlobreakthroughai\release\montecar.e67655ac.tlog\link.command.1.tlog
c:\users\johneaton\documents\github\deusduellum\montecarlobreakthroughai\montecarlobreakthroughai\release\montecar.e67655ac.tlog\link.read.1.tlog
c:\users\johneaton\documents\github\deusduellum\montecarlobreakthroughai\montecarlobreakthroughai\release\montecar.e67655ac.tlog\link.write.1.tlog
c:\users\johneaton\documents\github\deusduellum\montecarlobreakthroughai\montecarlobreakthroughai\release\montecar.e67655ac.tlog\montecarlobreakthroughai.write.1u.tlog
