  Analyzer.cpp
c1xx : warning C4199: two-phase name lookup is not supported for C++/CLI, C++/CX, or OpenMP; use /Zc:twoPhase-
c:\users\johneaton\documents\github\deusduellum\montecarlobreakthroughai\montecarlobreakthroughai\Analyzer.h(29): warning C4091: 'static ': ignored on left of 'Analyzer' when no variable is declared
c:\users\johneaton\documents\github\deusduellum\montecarlobreakthroughai\montecarlobreakthroughai\Masks.h(22): warning C4091: 'static ': ignored on left of 'Masks::WhiteMasks' when no variable is declared
c:\users\johneaton\documents\github\deusduellum\montecarlobreakthroughai\montecarlobreakthroughai\Masks.h(35): warning C4091: 'static ': ignored on left of 'Masks::BlackMasks' when no variable is declared
c:\users\johneaton\documents\github\deusduellum\montecarlobreakthroughai\montecarlobreakthroughai\Masks.h(48): warning C4091: 'static ': ignored on left of 'Masks::OrientationMasks' when no variable is declared
c:\users\johneaton\documents\github\deusduellum\montecarlobreakthroughai\montecarlobreakthroughai\Masks.h(49): warning C4091: 'static ': ignored on left of 'Masks' when no variable is declared
c:\users\johneaton\documents\github\deusduellum\montecarlobreakthroughai\montecarlobreakthroughai\BitsMagic.h(13): warning C4091: 'static ': ignored on left of 'BitsMagic' when no variable is declared
c:\users\johneaton\documents\github\deusduellum\montecarlobreakthroughai\montecarlobreakthroughai\Grid.h(110): warning C4091: 'static ': ignored on left of 'Grid' when no variable is declared
Analyzer.cpp(104): warning C4101: 'bestMove': unreferenced local variable
Analyzer.cpp(138): warning C4101: 'bestMove': unreferenced local variable
  TestDriver.cpp
c1xx : warning C4199: two-phase name lookup is not supported for C++/CLI, C++/CX, or OpenMP; use /Zc:twoPhase-
c:\users\johneaton\documents\github\deusduellum\montecarlobreakthroughai\montecarlobreakthroughai\Grid.h(110): warning C4091: 'static ': ignored on left of 'Grid' when no variable is declared
c:\users\johneaton\documents\github\deusduellum\montecarlobreakthroughai\montecarlobreakthroughai\Analyzer.h(29): warning C4091: 'static ': ignored on left of 'Analyzer' when no variable is declared
c:\users\johneaton\documents\github\deusduellum\montecarlobreakthroughai\montecarlobreakthroughai\Masks.h(22): warning C4091: 'static ': ignored on left of 'Masks::WhiteMasks' when no variable is declared
c:\users\johneaton\documents\github\deusduellum\montecarlobreakthroughai\montecarlobreakthroughai\Masks.h(35): warning C4091: 'static ': ignored on left of 'Masks::BlackMasks' when no variable is declared
c:\users\johneaton\documents\github\deusduellum\montecarlobreakthroughai\montecarlobreakthroughai\Masks.h(48): warning C4091: 'static ': ignored on left of 'Masks::OrientationMasks' when no variable is declared
c:\users\johneaton\documents\github\deusduellum\montecarlobreakthroughai\montecarlobreakthroughai\Masks.h(49): warning C4091: 'static ': ignored on left of 'Masks' when no variable is declared
     Creating library C:\Users\JohnEaton\Documents\GitHub\DeusDuellum\MonteCarloBreakthroughAI\Release\MonteCarloBreakthroughAI.lib and object C:\Users\JohnEaton\Documents\GitHub\DeusDuellum\MonteCarloBreakthroughAI\Release\MonteCarloBreakthroughAI.exp
  Generating code
  82 of 439 functions (18.7%) were compiled, the rest were copied from previous compilation.
    0 functions were new in current compilation
    12 functions had inline decision re-evaluated but remain unchanged
  Finished generating code
  MonteCarloBreakthroughAI.vcxproj -> C:\Users\JohnEaton\Documents\GitHub\DeusDuellum\MonteCarloBreakthroughAI\Release\MonteCarloBreakthroughAI.exe
