  stdafx.cpp
  AI_CPP.cpp
c:\users\johneaton\documents\github\deusduellum\ai_cpp\ai_cpp\Masks.h(22): warning C4091: 'static ': ignored on left of 'Masks::WhiteMasks' when no variable is declared
c:\users\johneaton\documents\github\deusduellum\ai_cpp\ai_cpp\Masks.h(35): warning C4091: 'static ': ignored on left of 'Masks::BlackMasks' when no variable is declared
c:\users\johneaton\documents\github\deusduellum\ai_cpp\ai_cpp\Masks.h(48): warning C4091: 'static ': ignored on left of 'Masks::OrientationMasks' when no variable is declared
c:\users\johneaton\documents\github\deusduellum\ai_cpp\ai_cpp\Masks.h(49): warning C4091: 'static ': ignored on left of 'Masks' when no variable is declared
c:\users\johneaton\documents\github\deusduellum\ai_cpp\ai_cpp\Grid.h(110): warning C4091: 'static ': ignored on left of 'Grid' when no variable is declared
c:\users\johneaton\documents\github\deusduellum\ai_cpp\ai_cpp\Analyzer.h(61): warning C4091: 'static ': ignored on left of 'Analyzer' when no variable is declared
c:\users\johneaton\documents\github\deusduellum\ai_cpp\ai_cpp\BitsMagic.h(13): warning C4091: 'static ': ignored on left of 'BitsMagic' when no variable is declared
  Analyzer.cpp
c:\users\johneaton\documents\github\deusduellum\ai_cpp\ai_cpp\Grid.h(110): warning C4091: 'static ': ignored on left of 'Grid' when no variable is declared
c:\users\johneaton\documents\github\deusduellum\ai_cpp\ai_cpp\Analyzer.h(61): warning C4091: 'static ': ignored on left of 'Analyzer' when no variable is declared
c:\users\johneaton\documents\github\deusduellum\ai_cpp\ai_cpp\BitsMagic.h(13): warning C4091: 'static ': ignored on left of 'BitsMagic' when no variable is declared
c:\users\johneaton\documents\github\deusduellum\ai_cpp\ai_cpp\Masks.h(22): warning C4091: 'static ': ignored on left of 'Masks::WhiteMasks' when no variable is declared
c:\users\johneaton\documents\github\deusduellum\ai_cpp\ai_cpp\Masks.h(35): warning C4091: 'static ': ignored on left of 'Masks::BlackMasks' when no variable is declared
c:\users\johneaton\documents\github\deusduellum\ai_cpp\ai_cpp\Masks.h(48): warning C4091: 'static ': ignored on left of 'Masks::OrientationMasks' when no variable is declared
c:\users\johneaton\documents\github\deusduellum\ai_cpp\ai_cpp\Masks.h(49): warning C4091: 'static ': ignored on left of 'Masks' when no variable is declared
Analyzer.cpp(229): warning C4267: 'argument': conversion from 'size_t' to 'int', possible loss of data
  BitsMagic.cpp
c:\users\johneaton\documents\github\deusduellum\ai_cpp\ai_cpp\BitsMagic.h(13): warning C4091: 'static ': ignored on left of 'BitsMagic' when no variable is declared
  dllmain.cpp
  Grid.cpp
c:\users\johneaton\documents\github\deusduellum\ai_cpp\ai_cpp\Grid.h(110): warning C4091: 'static ': ignored on left of 'Grid' when no variable is declared
  Masks.cpp
c:\users\johneaton\documents\github\deusduellum\ai_cpp\ai_cpp\Masks.h(22): warning C4091: 'static ': ignored on left of 'Masks::WhiteMasks' when no variable is declared
c:\users\johneaton\documents\github\deusduellum\ai_cpp\ai_cpp\Masks.h(35): warning C4091: 'static ': ignored on left of 'Masks::BlackMasks' when no variable is declared
c:\users\johneaton\documents\github\deusduellum\ai_cpp\ai_cpp\Masks.h(48): warning C4091: 'static ': ignored on left of 'Masks::OrientationMasks' when no variable is declared
c:\users\johneaton\documents\github\deusduellum\ai_cpp\ai_cpp\Masks.h(49): warning C4091: 'static ': ignored on left of 'Masks' when no variable is declared
c:\users\johneaton\documents\github\deusduellum\ai_cpp\ai_cpp\Grid.h(110): warning C4091: 'static ': ignored on left of 'Grid' when no variable is declared
  Utils.cpp
     Creating library C:\Users\JohnEaton\Documents\GitHub\DeusDuellum\AI_CPP\x64\Release\AI_CPP.lib and object C:\Users\JohnEaton\Documents\GitHub\DeusDuellum\AI_CPP\x64\Release\AI_CPP.exp
  Generating code
c:\users\johneaton\documents\github\deusduellum\ai_cpp\ai_cpp\analyzer.cpp(252): warning C4715: 'Analyzer::AlphaBetaLoop': not all control paths return a value
  All 314 functions were compiled because no usable IPDB/IOBJ from previous compilation was found.
  Finished generating code
  AI_CPP.vcxproj -> C:\Users\JohnEaton\Documents\GitHub\DeusDuellum\AI_CPP\x64\Release\AI_CPP.dll
