c:\users\johneaton\documents\github\deusduellum\ai_cpp\x64\release\ai_cpp.lib
c:\users\johneaton\documents\github\deusduellum\ai_cpp\x64\release\ai_cpp.exp
c:\users\johneaton\documents\github\deusduellum\ai_cpp\x64\release\ai_cpp.ipdb
c:\users\johneaton\documents\github\deusduellum\ai_cpp\x64\release\ai_cpp.iobj
c:\users\johneaton\documents\github\deusduellum\ai_cpp\ai_cpp\x64\release\ai_cpp.pch
c:\users\johneaton\documents\github\deusduellum\ai_cpp\ai_cpp\x64\release\vc141.pdb
c:\users\johneaton\documents\github\deusduellum\ai_cpp\ai_cpp\x64\release\stdafx.obj
c:\users\johneaton\documents\github\deusduellum\ai_cpp\ai_cpp\x64\release\utils.obj
c:\users\johneaton\documents\github\deusduellum\ai_cpp\ai_cpp\x64\release\grid.obj
c:\users\johneaton\documents\github\deusduellum\ai_cpp\ai_cpp\x64\release\dllmain.obj
c:\users\johneaton\documents\github\deusduellum\ai_cpp\ai_cpp\x64\release\ai_cpp.obj
c:\users\johneaton\documents\github\deusduellum\ai_cpp\ai_cpp\x64\release\bitsmagic.obj
c:\users\johneaton\documents\github\deusduellum\ai_cpp\ai_cpp\x64\release\analyzer.obj
c:\users\johneaton\documents\github\deusduellum\ai_cpp\ai_cpp\x64\release\masks.obj
c:\users\johneaton\documents\github\deusduellum\ai_cpp\x64\release\ai_cpp.dll
c:\users\johneaton\documents\github\deusduellum\ai_cpp\x64\release\ai_cpp.pdb
c:\users\johneaton\documents\github\deusduellum\ai_cpp\ai_cpp\x64\release\ai_cpp.tlog\ai_cpp.write.1u.tlog
c:\users\johneaton\documents\github\deusduellum\ai_cpp\ai_cpp\x64\release\ai_cpp.tlog\cl.command.1.tlog
c:\users\johneaton\documents\github\deusduellum\ai_cpp\ai_cpp\x64\release\ai_cpp.tlog\cl.read.1.tlog
c:\users\johneaton\documents\github\deusduellum\ai_cpp\ai_cpp\x64\release\ai_cpp.tlog\cl.write.1.tlog
c:\users\johneaton\documents\github\deusduellum\ai_cpp\ai_cpp\x64\release\ai_cpp.tlog\link.command.1.tlog
c:\users\johneaton\documents\github\deusduellum\ai_cpp\ai_cpp\x64\release\ai_cpp.tlog\link.read.1.tlog
c:\users\johneaton\documents\github\deusduellum\ai_cpp\ai_cpp\x64\release\ai_cpp.tlog\link.write.1.tlog
